<?xml version="1.0" encoding="UTF-8"?>
<testng-results total="1" passed="1" failed="0" skipped="0">
  <reporter-output>
  </reporter-output>
  <suite started-at="2022-04-21T09:42:25Z" name="Default suite" finished-at="2022-04-21T09:42:31Z" duration-ms="6131">
    <groups>
    </groups>
    <test started-at="2022-04-21T09:42:25Z" name="Default test" finished-at="2022-04-21T09:42:31Z" duration-ms="6131">
      <class name="Testing.TestBrowse">
        <test-method is-config="true" signature="inializeDriver()[pri:0, instance:Testing.TestBrowse@3eb81efb]" started-at="2022-04-21T15:12:25Z" name="inializeDriver" finished-at="2022-04-21T15:12:27Z" duration-ms="1642" status="PASS">
          <reporter-output>
          </reporter-output>
        </test-method> <!-- inializeDriver -->
        <test-method signature="basePageLoad()[pri:0, instance:Testing.TestBrowse@3eb81efb]" started-at="2022-04-21T15:12:27Z" name="basePageLoad" finished-at="2022-04-21T15:12:31Z" duration-ms="4282" status="PASS">
          <reporter-output>
          </reporter-output>
        </test-method> <!-- basePageLoad -->
        <test-method is-config="true" signature="tearDown()[pri:0, instance:Testing.TestBrowse@3eb81efb]" started-at="2022-04-21T15:12:31Z" name="tearDown" finished-at="2022-04-21T15:12:31Z" duration-ms="187" status="PASS">
          <reporter-output>
          </reporter-output>
        </test-method> <!-- tearDown -->
      </class> <!-- Testing.TestBrowse -->
    </test> <!-- Default test -->
  </suite> <!-- Default suite -->
</testng-results>
